[2019-07-15 10:11:47.447] [DEBUG] basicRoute - http://demo.feg.cn:9999/default/bpm-rest-api/process-definition/FEPVGateGoodOut:1:e7d4fe25-d3d1-11e6-9959-0050568cc98b
[2019-07-15 10:12:01.352] [DEBUG] basicRoute - http://demo.feg.cn:9999/default/bpm-rest-api/task/47f8f978-a6ae-11e9-9225-0050568c52b5
[2019-07-15 10:12:01.415] [DEBUG] bpm - http://10.20.46.22/forms/vGateGoodOut/leadercheck.html
[2019-07-15 10:12:01.415] [DEBUG] bpm - { VoucherID: 'GD201907150007',
  initiator: 'FEPV001891',
  start_remark: 'GD201907150007xe vào lấy giấy + pp',
  GoodOutChecher: [ 'FEPVNN0027,FEPVNN0121,FEPVNN0101,FEPVNN0081', 'FEPVNN0026' ] }
[2019-07-15 10:12:06.758] [DEBUG] basicRoute - http://demo.feg.cn:9999/default/bpm-rest-api/task/51eda67e-a6ae-11e9-9225-0050568c52b5
[2019-07-15 10:12:06.805] [DEBUG] bpm - http://10.20.46.22/forms/vGateGoodOut/leadercheck.html
[2019-07-15 10:12:06.805] [DEBUG] bpm - { VoucherID: 'GD201907150007',
  initiator: 'FEPV001891',
  JWUser: 'Guard',
  leadercheck_result: 'YES',
  start_remark: 'GD201907150007xe vào lấy giấy + pp',
  GoodOutChecher: [ 'FEPVNN0027,FEPVNN0121,FEPVNN0101,FEPVNN0081', 'FEPVNN0026' ] }
[2019-07-15 10:14:32.260] [DEBUG] basicRoute - http://demo.feg.cn:9999/default/bpm-rest-api/task/80557d43-a6ad-11e9-9225-0050568c52b5
[2019-07-15 10:14:32.322] [DEBUG] bpm - http://10.20.46.22/forms/vGateGoodOut/leadercheck.html
[2019-07-15 10:14:32.322] [DEBUG] bpm - { VoucherID: 'GD201907150006',
  initiator: 'FEPVNN0020',
  start_remark: 'GD201907150006Giao hàng cho công ty Eclat (10 roll-210 kg)',
  GoodOutChecher: [ 'FEPVNN0247' ] }
[2019-07-15 10:16:55.181] [DEBUG] basicRoute - http://demo.feg.cn:9999/default/bpm-rest-api/task/1b1ba46b-a6ad-11e9-9225-0050568c52b5
[2019-07-15 10:16:55.212] [DEBUG] bpm - http://10.20.46.22/forms/GateUnJointTruck/leadercheck.html
[2019-07-15 10:16:55.212] [DEBUG] bpm - { VoucherID: 'FX201907150077',
  IsChecker: 'YES',
  ChecherArray: [ 'FEPVNN0247' ],
  checkinconfirm: 'NO',
  initiator: 'FEPVNN0020',
  JWUser: 'Guard',
  ValidTo: '2019-07-17',
  start_remark: 'FX20190715007761C-38603',
  checkoutconfirm: 'NO' }
